2019-12-02 11:55:52,020 [Worker-3: Loading available Gradle versions] INFO  o.e.b.c.i.u.g.PublishedGradleVersions - Gradle version information cache is out-of-date. Trying to update.
2019-12-05 15:23:54,086 [Worker-305: reload maven project] ERROR o.e.m.c.i.p.r.ProjectRegistryManager - Failed to read Maven project: Some problems were encountered while processing the POMs:
[FATAL] Non-readable POM D:\Java\Tollpayment\pom.xml: input contained no data @ 

org.apache.maven.project.ProjectBuildingException: Some problems were encountered while processing the POMs:
[FATAL] Non-readable POM D:\Java\Tollpayment\pom.xml: input contained no data @ 

	at org.eclipse.m2e.core.internal.embedder.MavenImpl.readMavenProjects(MavenImpl.java:676) ~[org.eclipse.m2e.core_1.12.0.20190628-1134.jar:na]
	at org.eclipse.m2e.core.internal.project.registry.ProjectRegistryManager.lambda$12(ProjectRegistryManager.java:871) ~[org.eclipse.m2e.core_1.12.0.20190628-1134.jar:na]
	at org.eclipse.m2e.core.internal.embedder.MavenExecutionContext.executeBare(MavenExecutionContext.java:177) ~[org.eclipse.m2e.core_1.12.0.20190628-1134.jar:na]
	at org.eclipse.m2e.core.internal.embedder.MavenExecutionContext.execute(MavenExecutionContext.java:151) ~[org.eclipse.m2e.core_1.12.0.20190628-1134.jar:na]
	at org.eclipse.m2e.core.internal.embedder.MavenExecutionContext.execute(MavenExecutionContext.java:99) ~[org.eclipse.m2e.core_1.12.0.20190628-1134.jar:na]
	at org.eclipse.m2e.core.internal.project.registry.ProjectRegistryManager.execute(ProjectRegistryManager.java:1026) ~[org.eclipse.m2e.core_1.12.0.20190628-1134.jar:na]
	at org.eclipse.m2e.core.internal.project.registry.ProjectRegistryManager.readProjectsWithDependencies(ProjectRegistryManager.java:867) ~[org.eclipse.m2e.core_1.12.0.20190628-1134.jar:na]
	at org.eclipse.m2e.core.internal.project.registry.ProjectRegistryManager.create(ProjectRegistryManager.java:207) ~[org.eclipse.m2e.core_1.12.0.20190628-1134.jar:na]
	at org.eclipse.m2e.core.internal.project.registry.MavenProjectManager.create(MavenProjectManager.java:80) [org.eclipse.m2e.core_1.12.0.20190628-1134.jar:na]
	at org.eclipse.m2e.core.ui.internal.actions.SelectionUtil.getMavenProject(SelectionUtil.java:259) [org.eclipse.m2e.core.ui_1.12.0.20190628-1134.jar:na]
	at org.eclipse.m2e.editor.pom.MavenPomEditor.readMavenProject(MavenPomEditor.java:740) [org.eclipse.m2e.editor_1.12.0.20190628-1134.jar:na]
	at org.eclipse.m2e.editor.pom.MavenPomEditor$5.run(MavenPomEditor.java:1074) [org.eclipse.m2e.editor_1.12.0.20190628-1134.jar:na]
	at org.eclipse.core.internal.jobs.Worker.run(Worker.java:63) [org.eclipse.core.jobs_3.10.400.v20190506-1457.jar:na]
2019-12-05 15:24:10,913 [Worker-306: reload maven project] ERROR o.e.m.c.i.p.r.ProjectRegistryManager - Failed to read Maven project: Some problems were encountered while processing the POMs:
[ERROR] For artifact {org.projectlombok:lombok:null:jar}: The version cannot be empty. @ org.projectlombok:lombok:[unknown-version], D:\Java\Tollpayment\pom.xml
[ERROR] 'modelVersion' is missing. @ org.projectlombok:lombok:[unknown-version], D:\Java\Tollpayment\pom.xml, line 1, column 12
[ERROR] 'version' is missing. @ org.projectlombok:lombok:[unknown-version], D:\Java\Tollpayment\pom.xml, line 1, column 12

org.apache.maven.project.ProjectBuildingException: Some problems were encountered while processing the POMs:
[ERROR] For artifact {org.projectlombok:lombok:null:jar}: The version cannot be empty. @ org.projectlombok:lombok:[unknown-version], D:\Java\Tollpayment\pom.xml
[ERROR] 'modelVersion' is missing. @ org.projectlombok:lombok:[unknown-version], D:\Java\Tollpayment\pom.xml, line 1, column 12
[ERROR] 'version' is missing. @ org.projectlombok:lombok:[unknown-version], D:\Java\Tollpayment\pom.xml, line 1, column 12

	at org.eclipse.m2e.core.internal.embedder.MavenImpl.readMavenProjects(MavenImpl.java:676) ~[org.eclipse.m2e.core_1.12.0.20190628-1134.jar:na]
	at org.eclipse.m2e.core.internal.project.registry.ProjectRegistryManager.lambda$12(ProjectRegistryManager.java:871) ~[org.eclipse.m2e.core_1.12.0.20190628-1134.jar:na]
	at org.eclipse.m2e.core.internal.embedder.MavenExecutionContext.executeBare(MavenExecutionContext.java:177) ~[org.eclipse.m2e.core_1.12.0.20190628-1134.jar:na]
	at org.eclipse.m2e.core.internal.embedder.MavenExecutionContext.execute(MavenExecutionContext.java:151) ~[org.eclipse.m2e.core_1.12.0.20190628-1134.jar:na]
	at org.eclipse.m2e.core.internal.embedder.MavenExecutionContext.execute(MavenExecutionContext.java:99) ~[org.eclipse.m2e.core_1.12.0.20190628-1134.jar:na]
	at org.eclipse.m2e.core.internal.project.registry.ProjectRegistryManager.execute(ProjectRegistryManager.java:1026) ~[org.eclipse.m2e.core_1.12.0.20190628-1134.jar:na]
	at org.eclipse.m2e.core.internal.project.registry.ProjectRegistryManager.readProjectsWithDependencies(ProjectRegistryManager.java:867) ~[org.eclipse.m2e.core_1.12.0.20190628-1134.jar:na]
	at org.eclipse.m2e.core.internal.project.registry.ProjectRegistryManager.create(ProjectRegistryManager.java:207) ~[org.eclipse.m2e.core_1.12.0.20190628-1134.jar:na]
	at org.eclipse.m2e.core.internal.project.registry.MavenProjectManager.create(MavenProjectManager.java:80) [org.eclipse.m2e.core_1.12.0.20190628-1134.jar:na]
	at org.eclipse.m2e.core.ui.internal.actions.SelectionUtil.getMavenProject(SelectionUtil.java:259) [org.eclipse.m2e.core.ui_1.12.0.20190628-1134.jar:na]
	at org.eclipse.m2e.editor.pom.MavenPomEditor.readMavenProject(MavenPomEditor.java:740) [org.eclipse.m2e.editor_1.12.0.20190628-1134.jar:na]
	at org.eclipse.m2e.editor.pom.MavenPomEditor$5.run(MavenPomEditor.java:1074) [org.eclipse.m2e.editor_1.12.0.20190628-1134.jar:na]
	at org.eclipse.core.internal.jobs.Worker.run(Worker.java:63) [org.eclipse.core.jobs_3.10.400.v20190506-1457.jar:na]
